13:32:36:443  INFO 19016 --- [main] com.hmall.pay.PayApplication             : Starting PayApplication using Java 17.0.14 on Diamond with PID 19016 (D:\WorkSpace\Projects\hmall\pay-service\target\classes started by Administrator in D:\WorkSpace\Projects\hmall)
13:32:36:447 DEBUG 19016 --- [main] com.hmall.pay.PayApplication             : Running with Spring Boot v2.7.12, Spring v5.3.27
13:32:36:448  INFO 19016 --- [main] com.hmall.pay.PayApplication             : The following 1 profile is active: "local"
13:32:37:652  INFO 19016 --- [main] o.s.cloud.context.scope.GenericScope     : BeanFactory id=bc899583-0882-38ee-ac63-38816b69072d
13:32:38:111  INFO 19016 --- [main] o.s.b.w.embedded.tomcat.TomcatWebServer  : Tomcat initialized with port(s): 8086 (http)
13:32:38:331  INFO 19016 --- [main] o.a.catalina.core.AprLifecycleListener   : Loaded Apache Tomcat Native library [2.0.8] using APR version [1.7.4].
13:32:38:332  INFO 19016 --- [main] o.a.catalina.core.AprLifecycleListener   : APR capabilities: IPv6 [true], sendfile [true], accept filters [false], random [true], UDS [true].
13:32:38:332  INFO 19016 --- [main] o.a.catalina.core.AprLifecycleListener   : APR/OpenSSL configuration: useAprConnector [false], useOpenSSL [true]
13:32:38:338  INFO 19016 --- [main] o.a.catalina.core.AprLifecycleListener   : OpenSSL successfully initialized [OpenSSL 3.0.14 4 Jun 2024]
13:32:38:354  INFO 19016 --- [main] o.apache.catalina.core.StandardService   : Starting service [Tomcat]
13:32:38:354  INFO 19016 --- [main] org.apache.catalina.core.StandardEngine  : Starting Servlet engine: [Apache Tomcat/9.0.75]
13:32:38:501  INFO 19016 --- [main] o.a.c.c.C.[Tomcat].[localhost].[/]       : Initializing Spring embedded WebApplicationContext
13:32:38:501  INFO 19016 --- [main] w.s.c.ServletWebServerApplicationContext : Root WebApplicationContext: initialization completed in 2005 ms
13:32:38:821  INFO 19016 --- [main] o.s.c.openfeign.FeignClientFactoryBean   : For 'user-service' URL not provided. Will try picking an instance via load-balancing.
13:32:38:933  INFO 19016 --- [main] o.s.c.openfeign.FeignClientFactoryBean   : For 'trade-service' URL not provided. Will try picking an instance via load-balancing.
13:32:40:043  INFO 19016 --- [main] pertySourcedRequestMappingHandlerMapping : Mapped URL path [/v2/api-docs] onto method [springfox.documentation.swagger2.web.Swagger2ControllerWebMvc#getDocumentation(String, HttpServletRequest)]
13:32:40:399  INFO 19016 --- [main] com.alibaba.nacos.common.remote.client   : [RpcClientFactory] create a new rpc client of 56f8bef2-be34-4768-96a4-6f04552ce85d
13:32:40:933  INFO 19016 --- [main] org.reflections.Reflections              : Reflections took 18 ms to scan 1 urls, producing 3 keys and 6 values 
13:32:40:950  INFO 19016 --- [main] org.reflections.Reflections              : Reflections took 6 ms to scan 1 urls, producing 4 keys and 9 values 
13:32:40:957  INFO 19016 --- [main] org.reflections.Reflections              : Reflections took 6 ms to scan 1 urls, producing 3 keys and 10 values 
13:32:40:958  WARN 19016 --- [main] org.reflections.Reflections              : given scan urls are empty. set urls in the configuration
13:32:40:968  INFO 19016 --- [main] org.reflections.Reflections              : Reflections took 9 ms to scan 1 urls, producing 1 keys and 5 values 
13:32:40:975  INFO 19016 --- [main] org.reflections.Reflections              : Reflections took 5 ms to scan 1 urls, producing 1 keys and 7 values 
13:32:40:981  INFO 19016 --- [main] org.reflections.Reflections              : Reflections took 5 ms to scan 1 urls, producing 2 keys and 8 values 
13:32:40:983  WARN 19016 --- [main] org.reflections.Reflections              : given scan urls are empty. set urls in the configuration
13:32:40:983  INFO 19016 --- [main] com.alibaba.nacos.common.remote.client   : [56f8bef2-be34-4768-96a4-6f04552ce85d] RpcClient init label, labels = {module=naming, source=sdk}
13:32:40:985  INFO 19016 --- [main] com.alibaba.nacos.common.remote.client   : [56f8bef2-be34-4768-96a4-6f04552ce85d] RpcClient init, ServerListFactory = com.alibaba.nacos.client.naming.core.ServerListManager
13:32:40:986  INFO 19016 --- [main] com.alibaba.nacos.common.remote.client   : [56f8bef2-be34-4768-96a4-6f04552ce85d] Registry connection listener to current client:com.alibaba.nacos.client.naming.remote.gprc.redo.NamingGrpcRedoService
13:32:40:986  INFO 19016 --- [main] com.alibaba.nacos.common.remote.client   : [56f8bef2-be34-4768-96a4-6f04552ce85d] Register server push request handler:com.alibaba.nacos.client.naming.remote.gprc.NamingPushRequestHandler
13:32:40:987  INFO 19016 --- [main] com.alibaba.nacos.common.remote.client   : [56f8bef2-be34-4768-96a4-6f04552ce85d] Try to connect to server on start up, server: {serverIp = '192.168.227.133', server main port = 8848}
13:32:41:697  INFO 19016 --- [main] com.alibaba.nacos.common.remote.client   : [56f8bef2-be34-4768-96a4-6f04552ce85d] Success to connect to server [192.168.227.133:8848] on start up, connectionId = 1747287160487_192.168.227.1_53509
13:32:41:697  INFO 19016 --- [com.alibaba.nacos.client.remote.worker] com.alibaba.nacos.common.remote.client   : [56f8bef2-be34-4768-96a4-6f04552ce85d] Notify connected event to listeners.
13:32:41:698  INFO 19016 --- [main] com.alibaba.nacos.common.remote.client   : [56f8bef2-be34-4768-96a4-6f04552ce85d] Register server push request handler:com.alibaba.nacos.common.remote.client.RpcClient$ConnectResetRequestHandler
13:32:41:698  INFO 19016 --- [main] com.alibaba.nacos.common.remote.client   : [56f8bef2-be34-4768-96a4-6f04552ce85d] Register server push request handler:com.alibaba.nacos.common.remote.client.RpcClient$$Lambda$989/0x0000029ba7781688
13:32:41:754  INFO 19016 --- [main] o.s.b.w.embedded.tomcat.TomcatWebServer  : Tomcat started on port(s): 8086 (http) with context path ''
13:32:41:764  INFO 19016 --- [main] c.a.c.n.registry.NacosServiceRegistry    : nacos registry, DEFAULT_GROUP pay-service 192.168.205.1:8086 register finished
13:32:41:839  INFO 19016 --- [main] d.s.w.p.DocumentationPluginsBootstrapper : Documentation plugins bootstrapped
13:32:41:842  INFO 19016 --- [main] d.s.w.p.DocumentationPluginsBootstrapper : Found 1 custom documentation plugin(s)
13:32:41:865  INFO 19016 --- [main] s.d.s.w.s.ApiListingReferenceScanner     : Scanning for api listing references
13:32:41:960  INFO 19016 --- [main] com.hmall.pay.PayApplication             : Started PayApplication in 6.036 seconds (JVM running for 6.72)
13:32:42:316  INFO 19016 --- [nacos-grpc-client-executor-8] com.alibaba.nacos.common.remote.client   : [56f8bef2-be34-4768-96a4-6f04552ce85d] Receive server push request, request = NotifySubscriberRequest, requestId = 5
13:32:42:328  INFO 19016 --- [nacos-grpc-client-executor-8] com.alibaba.nacos.common.remote.client   : [56f8bef2-be34-4768-96a4-6f04552ce85d] Ack server push request, request = NotifySubscriberRequest, requestId = 5
