13:32:38:598  INFO 1664 --- [main] com.hmall.trade.TradeApplication         : Starting TradeApplication using Java 17.0.14 on Diamond with PID 1664 (D:\WorkSpace\Projects\hmall\trade-service\target\classes started by Administrator in D:\WorkSpace\Projects\hmall)
13:32:38:603 DEBUG 1664 --- [main] com.hmall.trade.TradeApplication         : Running with Spring Boot v2.7.12, Spring v5.3.27
13:32:38:605  INFO 1664 --- [main] com.hmall.trade.TradeApplication         : The following 1 profile is active: "local"
13:32:40:349  INFO 1664 --- [main] o.s.cloud.context.scope.GenericScope     : BeanFactory id=933686a6-7fca-3ea3-ae80-850236814e44
13:32:40:652  INFO 1664 --- [main] o.s.b.w.embedded.tomcat.TomcatWebServer  : Tomcat initialized with port(s): 8085 (http)
13:32:41:011  INFO 1664 --- [main] o.a.catalina.core.AprLifecycleListener   : Loaded Apache Tomcat Native library [2.0.8] using APR version [1.7.4].
13:32:41:011  INFO 1664 --- [main] o.a.catalina.core.AprLifecycleListener   : APR capabilities: IPv6 [true], sendfile [true], accept filters [false], random [true], UDS [true].
13:32:41:011  INFO 1664 --- [main] o.a.catalina.core.AprLifecycleListener   : APR/OpenSSL configuration: useAprConnector [false], useOpenSSL [true]
13:32:41:015  INFO 1664 --- [main] o.a.catalina.core.AprLifecycleListener   : OpenSSL successfully initialized [OpenSSL 3.0.14 4 Jun 2024]
13:32:41:025  INFO 1664 --- [main] o.apache.catalina.core.StandardService   : Starting service [Tomcat]
13:32:41:025  INFO 1664 --- [main] org.apache.catalina.core.StandardEngine  : Starting Servlet engine: [Apache Tomcat/9.0.75]
13:32:41:126  INFO 1664 --- [main] o.a.c.c.C.[Tomcat].[localhost].[/]       : Initializing Spring embedded WebApplicationContext
13:32:41:126  INFO 1664 --- [main] w.s.c.ServletWebServerApplicationContext : Root WebApplicationContext: initialization completed in 2456 ms
13:32:41:441  INFO 1664 --- [main] o.s.c.openfeign.FeignClientFactoryBean   : For 'item-service' URL not provided. Will try picking an instance via load-balancing.
13:32:41:758  INFO 1664 --- [main] o.s.c.openfeign.FeignClientFactoryBean   : For 'cart-service' URL not provided. Will try picking an instance via load-balancing.
13:32:42:277  INFO 1664 --- [main] pertySourcedRequestMappingHandlerMapping : Mapped URL path [/v2/api-docs] onto method [springfox.documentation.swagger2.web.Swagger2ControllerWebMvc#getDocumentation(String, HttpServletRequest)]
13:32:42:540  INFO 1664 --- [main] com.alibaba.nacos.common.remote.client   : [RpcClientFactory] create a new rpc client of aa0bf5fc-e67d-484f-b72f-bb8ef3841edd
13:32:42:577  INFO 1664 --- [main] org.reflections.Reflections              : Reflections took 19 ms to scan 1 urls, producing 3 keys and 6 values 
13:32:42:594  INFO 1664 --- [main] org.reflections.Reflections              : Reflections took 6 ms to scan 1 urls, producing 4 keys and 9 values 
13:32:42:601  INFO 1664 --- [main] org.reflections.Reflections              : Reflections took 5 ms to scan 1 urls, producing 3 keys and 10 values 
13:32:42:602  WARN 1664 --- [main] org.reflections.Reflections              : given scan urls are empty. set urls in the configuration
13:32:42:608  INFO 1664 --- [main] org.reflections.Reflections              : Reflections took 6 ms to scan 1 urls, producing 1 keys and 5 values 
13:32:42:620  INFO 1664 --- [main] org.reflections.Reflections              : Reflections took 11 ms to scan 1 urls, producing 1 keys and 7 values 
13:32:42:628  INFO 1664 --- [main] org.reflections.Reflections              : Reflections took 6 ms to scan 1 urls, producing 2 keys and 8 values 
13:32:42:629  WARN 1664 --- [main] org.reflections.Reflections              : given scan urls are empty. set urls in the configuration
13:32:42:630  INFO 1664 --- [main] com.alibaba.nacos.common.remote.client   : [aa0bf5fc-e67d-484f-b72f-bb8ef3841edd] RpcClient init label, labels = {module=naming, source=sdk}
13:32:42:631  INFO 1664 --- [main] com.alibaba.nacos.common.remote.client   : [aa0bf5fc-e67d-484f-b72f-bb8ef3841edd] RpcClient init, ServerListFactory = com.alibaba.nacos.client.naming.core.ServerListManager
13:32:42:632  INFO 1664 --- [main] com.alibaba.nacos.common.remote.client   : [aa0bf5fc-e67d-484f-b72f-bb8ef3841edd] Registry connection listener to current client:com.alibaba.nacos.client.naming.remote.gprc.redo.NamingGrpcRedoService
13:32:42:632  INFO 1664 --- [main] com.alibaba.nacos.common.remote.client   : [aa0bf5fc-e67d-484f-b72f-bb8ef3841edd] Register server push request handler:com.alibaba.nacos.client.naming.remote.gprc.NamingPushRequestHandler
13:32:42:633  INFO 1664 --- [main] com.alibaba.nacos.common.remote.client   : [aa0bf5fc-e67d-484f-b72f-bb8ef3841edd] Try to connect to server on start up, server: {serverIp = '192.168.227.133', server main port = 8848}
13:32:43:319  INFO 1664 --- [main] com.alibaba.nacos.common.remote.client   : [aa0bf5fc-e67d-484f-b72f-bb8ef3841edd] Success to connect to server [192.168.227.133:8848] on start up, connectionId = 1747287162124_192.168.227.1_53511
13:32:43:319  INFO 1664 --- [com.alibaba.nacos.client.remote.worker] com.alibaba.nacos.common.remote.client   : [aa0bf5fc-e67d-484f-b72f-bb8ef3841edd] Notify connected event to listeners.
13:32:43:320  INFO 1664 --- [main] com.alibaba.nacos.common.remote.client   : [aa0bf5fc-e67d-484f-b72f-bb8ef3841edd] Register server push request handler:com.alibaba.nacos.common.remote.client.RpcClient$ConnectResetRequestHandler
13:32:43:320  INFO 1664 --- [main] com.alibaba.nacos.common.remote.client   : [aa0bf5fc-e67d-484f-b72f-bb8ef3841edd] Register server push request handler:com.alibaba.nacos.common.remote.client.RpcClient$$Lambda$987/0x0000023b81785650
13:32:43:368  INFO 1664 --- [main] o.s.b.w.embedded.tomcat.TomcatWebServer  : Tomcat started on port(s): 8085 (http) with context path ''
13:32:43:376  INFO 1664 --- [main] c.a.c.n.registry.NacosServiceRegistry    : nacos registry, DEFAULT_GROUP trade-service 192.168.205.1:8085 register finished
13:32:43:445  INFO 1664 --- [main] d.s.w.p.DocumentationPluginsBootstrapper : Documentation plugins bootstrapped
13:32:43:448  INFO 1664 --- [main] d.s.w.p.DocumentationPluginsBootstrapper : Found 1 custom documentation plugin(s)
13:32:43:465  INFO 1664 --- [main] s.d.s.w.s.ApiListingReferenceScanner     : Scanning for api listing references
13:32:43:540  INFO 1664 --- [main] com.hmall.trade.TradeApplication         : Started TradeApplication in 5.787 seconds (JVM running for 6.59)
13:32:43:918  INFO 1664 --- [nacos-grpc-client-executor-9] com.alibaba.nacos.common.remote.client   : [aa0bf5fc-e67d-484f-b72f-bb8ef3841edd] Receive server push request, request = NotifySubscriberRequest, requestId = 6
13:32:43:929  INFO 1664 --- [nacos-grpc-client-executor-9] com.alibaba.nacos.common.remote.client   : [aa0bf5fc-e67d-484f-b72f-bb8ef3841edd] Ack server push request, request = NotifySubscriberRequest, requestId = 6
