13:32:29:670  INFO 3184 --- [main] com.hmall.item.ItemApplication           : Starting ItemApplication using Java 17.0.14 on Diamond with PID 3184 (D:\WorkSpace\Projects\hmall\item-service\target\classes started by Administrator in D:\WorkSpace\Projects\hmall)
13:32:29:673 DEBUG 3184 --- [main] com.hmall.item.ItemApplication           : Running with Spring Boot v2.7.12, Spring v5.3.27
13:32:29:674  INFO 3184 --- [main] com.hmall.item.ItemApplication           : The following 1 profile is active: "local"
13:32:30:449  INFO 3184 --- [main] o.s.cloud.context.scope.GenericScope     : BeanFactory id=1a2ccd82-e07b-3f46-bf3e-0019255fa69e
13:32:30:762  INFO 3184 --- [main] o.s.b.w.embedded.tomcat.TomcatWebServer  : Tomcat initialized with port(s): 8081 (http)
13:32:30:764  INFO 3184 --- [main] o.a.catalina.core.AprLifecycleListener   : Loaded Apache Tomcat Native library [2.0.8] using APR version [1.7.4].
13:32:30:764  INFO 3184 --- [main] o.a.catalina.core.AprLifecycleListener   : APR capabilities: IPv6 [true], sendfile [true], accept filters [false], random [true], UDS [true].
13:32:30:764  INFO 3184 --- [main] o.a.catalina.core.AprLifecycleListener   : APR/OpenSSL configuration: useAprConnector [false], useOpenSSL [true]
13:32:30:768  INFO 3184 --- [main] o.a.catalina.core.AprLifecycleListener   : OpenSSL successfully initialized [OpenSSL 3.0.14 4 Jun 2024]
13:32:30:774  INFO 3184 --- [main] o.apache.catalina.core.StandardService   : Starting service [Tomcat]
13:32:30:775  INFO 3184 --- [main] org.apache.catalina.core.StandardEngine  : Starting Servlet engine: [Apache Tomcat/9.0.75]
13:32:30:863  INFO 3184 --- [main] o.a.c.c.C.[Tomcat].[localhost].[/]       : Initializing Spring embedded WebApplicationContext
13:32:30:863  INFO 3184 --- [main] w.s.c.ServletWebServerApplicationContext : Root WebApplicationContext: initialization completed in 1149 ms
13:32:31:587  INFO 3184 --- [main] pertySourcedRequestMappingHandlerMapping : Mapped URL path [/v2/api-docs] onto method [springfox.documentation.swagger2.web.Swagger2ControllerWebMvc#getDocumentation(String, HttpServletRequest)]
13:32:31:816  INFO 3184 --- [main] com.alibaba.nacos.common.remote.client   : [RpcClientFactory] create a new rpc client of dac57e2f-082c-4f60-b579-6b413fd78402
13:32:31:856  INFO 3184 --- [main] org.reflections.Reflections              : Reflections took 18 ms to scan 1 urls, producing 3 keys and 6 values 
13:32:31:877  INFO 3184 --- [main] org.reflections.Reflections              : Reflections took 11 ms to scan 1 urls, producing 4 keys and 9 values 
13:32:31:884  INFO 3184 --- [main] org.reflections.Reflections              : Reflections took 5 ms to scan 1 urls, producing 3 keys and 10 values 
13:32:31:886  WARN 3184 --- [main] org.reflections.Reflections              : given scan urls are empty. set urls in the configuration
13:32:31:891  INFO 3184 --- [main] org.reflections.Reflections              : Reflections took 5 ms to scan 1 urls, producing 1 keys and 5 values 
13:32:31:897  INFO 3184 --- [main] org.reflections.Reflections              : Reflections took 5 ms to scan 1 urls, producing 1 keys and 7 values 
13:32:31:903  INFO 3184 --- [main] org.reflections.Reflections              : Reflections took 5 ms to scan 1 urls, producing 2 keys and 8 values 
13:32:31:904  WARN 3184 --- [main] org.reflections.Reflections              : given scan urls are empty. set urls in the configuration
13:32:31:905  INFO 3184 --- [main] com.alibaba.nacos.common.remote.client   : [dac57e2f-082c-4f60-b579-6b413fd78402] RpcClient init label, labels = {module=naming, source=sdk}
13:32:31:906  INFO 3184 --- [main] com.alibaba.nacos.common.remote.client   : [dac57e2f-082c-4f60-b579-6b413fd78402] RpcClient init, ServerListFactory = com.alibaba.nacos.client.naming.core.ServerListManager
13:32:31:906  INFO 3184 --- [main] com.alibaba.nacos.common.remote.client   : [dac57e2f-082c-4f60-b579-6b413fd78402] Registry connection listener to current client:com.alibaba.nacos.client.naming.remote.gprc.redo.NamingGrpcRedoService
13:32:31:906  INFO 3184 --- [main] com.alibaba.nacos.common.remote.client   : [dac57e2f-082c-4f60-b579-6b413fd78402] Register server push request handler:com.alibaba.nacos.client.naming.remote.gprc.NamingPushRequestHandler
13:32:32:485  INFO 3184 --- [main] com.alibaba.nacos.common.remote.client   : [dac57e2f-082c-4f60-b579-6b413fd78402] Try to connect to server on start up, server: {serverIp = '192.168.227.133', server main port = 8848}
13:32:33:088  INFO 3184 --- [main] com.alibaba.nacos.common.remote.client   : [dac57e2f-082c-4f60-b579-6b413fd78402] Success to connect to server [192.168.227.133:8848] on start up, connectionId = 1747287151898_192.168.227.1_53487
13:32:33:088  INFO 3184 --- [com.alibaba.nacos.client.remote.worker] com.alibaba.nacos.common.remote.client   : [dac57e2f-082c-4f60-b579-6b413fd78402] Notify connected event to listeners.
13:32:33:089  INFO 3184 --- [main] com.alibaba.nacos.common.remote.client   : [dac57e2f-082c-4f60-b579-6b413fd78402] Register server push request handler:com.alibaba.nacos.common.remote.client.RpcClient$ConnectResetRequestHandler
13:32:33:089  INFO 3184 --- [main] com.alibaba.nacos.common.remote.client   : [dac57e2f-082c-4f60-b579-6b413fd78402] Register server push request handler:com.alibaba.nacos.common.remote.client.RpcClient$$Lambda$948/0x0000028401768440
13:32:33:136  INFO 3184 --- [main] o.s.b.w.embedded.tomcat.TomcatWebServer  : Tomcat started on port(s): 8081 (http) with context path ''
13:32:33:148  INFO 3184 --- [main] c.a.c.n.registry.NacosServiceRegistry    : nacos registry, DEFAULT_GROUP item-service 192.168.205.1:8081 register finished
13:32:33:213  INFO 3184 --- [main] d.s.w.p.DocumentationPluginsBootstrapper : Documentation plugins bootstrapped
13:32:33:216  INFO 3184 --- [main] d.s.w.p.DocumentationPluginsBootstrapper : Found 1 custom documentation plugin(s)
13:32:33:238  INFO 3184 --- [main] s.d.s.w.s.ApiListingReferenceScanner     : Scanning for api listing references
13:32:33:382  INFO 3184 --- [main] com.hmall.item.ItemApplication           : Started ItemApplication in 4.488 seconds (JVM running for 5.21)
13:32:33:707  INFO 3184 --- [nacos-grpc-client-executor-8] com.alibaba.nacos.common.remote.client   : [dac57e2f-082c-4f60-b579-6b413fd78402] Receive server push request, request = NotifySubscriberRequest, requestId = 4
13:32:33:720  INFO 3184 --- [nacos-grpc-client-executor-8] com.alibaba.nacos.common.remote.client   : [dac57e2f-082c-4f60-b579-6b413fd78402] Ack server push request, request = NotifySubscriberRequest, requestId = 4
13:33:21:842  INFO 3184 --- [http-nio-8081-exec-1] o.a.c.c.C.[Tomcat].[localhost].[/]       : Initializing Spring DispatcherServlet 'dispatcherServlet'
13:33:21:842  INFO 3184 --- [http-nio-8081-exec-1] o.s.web.servlet.DispatcherServlet        : Initializing Servlet 'dispatcherServlet'
13:33:21:844  INFO 3184 --- [http-nio-8081-exec-1] o.s.web.servlet.DispatcherServlet        : Completed initialization in 2 ms
13:33:22:145  INFO 3184 --- [http-nio-8081-exec-1] com.zaxxer.hikari.HikariDataSource       : HikariPool-1 - Starting...
13:33:22:959  INFO 3184 --- [http-nio-8081-exec-1] com.zaxxer.hikari.HikariDataSource       : HikariPool-1 - Start completed.
13:33:22:979 DEBUG 3184 --- [http-nio-8081-exec-1] c.h.i.m.ItemMapper.selectPage_mpCount    : ==>  Preparing: SELECT COUNT(*) FROM item WHERE (status = ?)
13:33:23:001 DEBUG 3184 --- [http-nio-8081-exec-1] c.h.i.m.ItemMapper.selectPage_mpCount    : ==> Parameters: 1(Integer)
13:33:23:269 DEBUG 3184 --- [http-nio-8081-exec-1] c.h.i.m.ItemMapper.selectPage_mpCount    : <==      Total: 1
13:33:23:306 DEBUG 3184 --- [http-nio-8081-exec-1] c.h.item.mapper.ItemMapper.selectPage    : ==>  Preparing: SELECT id, name, price, stock, image, category, brand, spec, sold, comment_count, isAD, status, create_time, update_time, creater, updater FROM item WHERE (status = ?) ORDER BY update_time DESC LIMIT ?
13:33:23:307 DEBUG 3184 --- [http-nio-8081-exec-1] c.h.item.mapper.ItemMapper.selectPage    : ==> Parameters: 1(Integer), 20(Long)
13:33:23:390 DEBUG 3184 --- [http-nio-8081-exec-1] c.h.item.mapper.ItemMapper.selectPage    : <==      Total: 20
13:33:35:394 DEBUG 3184 --- [http-nio-8081-exec-4] c.h.i.m.ItemMapper.selectPage_mpCount    : ==>  Preparing: SELECT COUNT(*) FROM item WHERE (status = ?)
13:33:35:394 DEBUG 3184 --- [http-nio-8081-exec-4] c.h.i.m.ItemMapper.selectPage_mpCount    : ==> Parameters: 1(Integer)
13:33:35:408 DEBUG 3184 --- [http-nio-8081-exec-4] c.h.i.m.ItemMapper.selectPage_mpCount    : <==      Total: 1
13:33:35:411 DEBUG 3184 --- [http-nio-8081-exec-4] c.h.item.mapper.ItemMapper.selectPage    : ==>  Preparing: SELECT id, name, price, stock, image, category, brand, spec, sold, comment_count, isAD, status, create_time, update_time, creater, updater FROM item WHERE (status = ?) ORDER BY update_time DESC LIMIT ?
13:33:35:411 DEBUG 3184 --- [http-nio-8081-exec-4] c.h.item.mapper.ItemMapper.selectPage    : ==> Parameters: 1(Integer), 20(Long)
13:33:35:418 DEBUG 3184 --- [http-nio-8081-exec-4] c.h.item.mapper.ItemMapper.selectPage    : <==      Total: 20
13:35:05:223  WARN 3184 --- [http-nio-8081-exec-6] .w.s.m.s.DefaultHandlerExceptionResolver : Resolved [org.springframework.web.method.annotation.MethodArgumentTypeMismatchException: Failed to convert value of type 'java.lang.String' to required type 'java.lang.Long'; nested exception is java.lang.NumberFormatException: For input string: "pages"]
13:35:19:974 DEBUG 3184 --- [http-nio-8081-exec-8] c.h.i.m.ItemMapper.selectPage_mpCount    : ==>  Preparing: SELECT COUNT(*) FROM item
13:35:19:975 DEBUG 3184 --- [http-nio-8081-exec-8] c.h.i.m.ItemMapper.selectPage_mpCount    : ==> Parameters: 
13:35:19:991 DEBUG 3184 --- [http-nio-8081-exec-8] c.h.i.m.ItemMapper.selectPage_mpCount    : <==      Total: 1
13:35:19:993 DEBUG 3184 --- [http-nio-8081-exec-8] c.h.item.mapper.ItemMapper.selectPage    : ==>  Preparing: SELECT id, name, price, stock, image, category, brand, spec, sold, comment_count, isAD, status, create_time, update_time, creater, updater FROM item ORDER BY update_time DESC LIMIT ?
13:35:19:994 DEBUG 3184 --- [http-nio-8081-exec-8] c.h.item.mapper.ItemMapper.selectPage    : ==> Parameters: 20(Long)
13:35:19:999 DEBUG 3184 --- [http-nio-8081-exec-8] c.h.item.mapper.ItemMapper.selectPage    : <==      Total: 20
13:35:58:411 DEBUG 3184 --- [http-nio-8081-exec-9] c.h.i.m.ItemMapper.selectPage_mpCount    : ==>  Preparing: SELECT COUNT(*) FROM item WHERE (status = ?)
13:35:58:412 DEBUG 3184 --- [http-nio-8081-exec-9] c.h.i.m.ItemMapper.selectPage_mpCount    : ==> Parameters: 1(Integer)
13:35:58:429 DEBUG 3184 --- [http-nio-8081-exec-9] c.h.i.m.ItemMapper.selectPage_mpCount    : <==      Total: 1
13:35:58:432 DEBUG 3184 --- [http-nio-8081-exec-9] c.h.item.mapper.ItemMapper.selectPage    : ==>  Preparing: SELECT id, name, price, stock, image, category, brand, spec, sold, comment_count, isAD, status, create_time, update_time, creater, updater FROM item WHERE (status = ?) ORDER BY update_time DESC LIMIT ?
13:35:58:434 DEBUG 3184 --- [http-nio-8081-exec-9] c.h.item.mapper.ItemMapper.selectPage    : ==> Parameters: 1(Integer), 20(Long)
13:35:58:442 DEBUG 3184 --- [http-nio-8081-exec-9] c.h.item.mapper.ItemMapper.selectPage    : <==      Total: 20
13:36:18:773 DEBUG 3184 --- [http-nio-8081-exec-10] c.h.i.m.ItemMapper.selectPage_mpCount    : ==>  Preparing: SELECT COUNT(*) FROM item WHERE (status = ?)
13:36:18:774 DEBUG 3184 --- [http-nio-8081-exec-10] c.h.i.m.ItemMapper.selectPage_mpCount    : ==> Parameters: 1(Integer)
13:36:18:793 DEBUG 3184 --- [http-nio-8081-exec-10] c.h.i.m.ItemMapper.selectPage_mpCount    : <==      Total: 1
13:36:18:796 DEBUG 3184 --- [http-nio-8081-exec-10] c.h.item.mapper.ItemMapper.selectPage    : ==>  Preparing: SELECT id, name, price, stock, image, category, brand, spec, sold, comment_count, isAD, status, create_time, update_time, creater, updater FROM item WHERE (status = ?) ORDER BY update_time DESC LIMIT ?
13:36:18:797 DEBUG 3184 --- [http-nio-8081-exec-10] c.h.item.mapper.ItemMapper.selectPage    : ==> Parameters: 1(Integer), 20(Long)
13:36:18:803 DEBUG 3184 --- [http-nio-8081-exec-10] c.h.item.mapper.ItemMapper.selectPage    : <==      Total: 20
13:36:37:236 DEBUG 3184 --- [http-nio-8081-exec-1] c.h.i.m.ItemMapper.selectPage_mpCount    : ==>  Preparing: SELECT COUNT(*) FROM item WHERE (status = ?)
13:36:37:238 DEBUG 3184 --- [http-nio-8081-exec-1] c.h.i.m.ItemMapper.selectPage_mpCount    : ==> Parameters: 1(Integer)
13:36:37:257 DEBUG 3184 --- [http-nio-8081-exec-1] c.h.i.m.ItemMapper.selectPage_mpCount    : <==      Total: 1
13:36:37:260 DEBUG 3184 --- [http-nio-8081-exec-1] c.h.item.mapper.ItemMapper.selectPage    : ==>  Preparing: SELECT id, name, price, stock, image, category, brand, spec, sold, comment_count, isAD, status, create_time, update_time, creater, updater FROM item WHERE (status = ?) ORDER BY update_time DESC LIMIT ?
13:36:37:260 DEBUG 3184 --- [http-nio-8081-exec-1] c.h.item.mapper.ItemMapper.selectPage    : ==> Parameters: 1(Integer), 20(Long)
13:36:37:265 DEBUG 3184 --- [http-nio-8081-exec-1] c.h.item.mapper.ItemMapper.selectPage    : <==      Total: 20
13:36:50:835 DEBUG 3184 --- [http-nio-8081-exec-3] c.h.i.m.ItemMapper.selectPage_mpCount    : ==>  Preparing: SELECT COUNT(*) FROM item WHERE (status = ?)
13:36:50:836 DEBUG 3184 --- [http-nio-8081-exec-3] c.h.i.m.ItemMapper.selectPage_mpCount    : ==> Parameters: 1(Integer)
13:36:50:859 DEBUG 3184 --- [http-nio-8081-exec-3] c.h.i.m.ItemMapper.selectPage_mpCount    : <==      Total: 1
13:36:50:861 DEBUG 3184 --- [http-nio-8081-exec-3] c.h.item.mapper.ItemMapper.selectPage    : ==>  Preparing: SELECT id, name, price, stock, image, category, brand, spec, sold, comment_count, isAD, status, create_time, update_time, creater, updater FROM item WHERE (status = ?) ORDER BY update_time DESC LIMIT ?
13:36:50:861 DEBUG 3184 --- [http-nio-8081-exec-3] c.h.item.mapper.ItemMapper.selectPage    : ==> Parameters: 1(Integer), 20(Long)
13:36:50:867 DEBUG 3184 --- [http-nio-8081-exec-3] c.h.item.mapper.ItemMapper.selectPage    : <==      Total: 20
13:46:38:950 DEBUG 3184 --- [http-nio-8081-exec-2] c.h.i.mapper.ItemMapper.selectBatchIds   : ==>  Preparing: SELECT id,name,price,stock,image,category,brand,spec,sold,comment_count,isAD,status,create_time,update_time,creater,updater FROM item WHERE id IN ( ? )
13:46:38:950 DEBUG 3184 --- [http-nio-8081-exec-2] c.h.i.mapper.ItemMapper.selectBatchIds   : ==> Parameters: 100000006163(Long)
13:46:38:966 DEBUG 3184 --- [http-nio-8081-exec-2] c.h.i.mapper.ItemMapper.selectBatchIds   : <==      Total: 1
