13:32:40:109  INFO 19232 --- [main] com.hmall.user.UserApplication           : Starting UserApplication using Java 17.0.14 on Diamond with PID 19232 (D:\WorkSpace\Projects\hmall\user-service\target\classes started by Administrator in D:\WorkSpace\Projects\hmall)
13:32:40:114 DEBUG 19232 --- [main] com.hmall.user.UserApplication           : Running with Spring Boot v2.7.12, Spring v5.3.27
13:32:40:115  INFO 19232 --- [main] com.hmall.user.UserApplication           : The following 1 profile is active: "local"
13:32:42:141  INFO 19232 --- [main] o.s.cloud.context.scope.GenericScope     : BeanFactory id=a7a1de6f-2291-3240-b3d3-c7a565b04b23
13:32:42:484  INFO 19232 --- [main] o.s.b.w.embedded.tomcat.TomcatWebServer  : Tomcat initialized with port(s): 8084 (http)
13:32:42:580  INFO 19232 --- [main] o.a.catalina.core.AprLifecycleListener   : Loaded Apache Tomcat Native library [2.0.8] using APR version [1.7.4].
13:32:42:580  INFO 19232 --- [main] o.a.catalina.core.AprLifecycleListener   : APR capabilities: IPv6 [true], sendfile [true], accept filters [false], random [true], UDS [true].
13:32:42:580  INFO 19232 --- [main] o.a.catalina.core.AprLifecycleListener   : APR/OpenSSL configuration: useAprConnector [false], useOpenSSL [true]
13:32:42:583  INFO 19232 --- [main] o.a.catalina.core.AprLifecycleListener   : OpenSSL successfully initialized [OpenSSL 3.0.14 4 Jun 2024]
13:32:42:591  INFO 19232 --- [main] o.apache.catalina.core.StandardService   : Starting service [Tomcat]
13:32:42:591  INFO 19232 --- [main] org.apache.catalina.core.StandardEngine  : Starting Servlet engine: [Apache Tomcat/9.0.75]
13:32:42:685  INFO 19232 --- [main] o.a.c.c.C.[Tomcat].[localhost].[/]       : Initializing Spring embedded WebApplicationContext
13:32:42:685  INFO 19232 --- [main] w.s.c.ServletWebServerApplicationContext : Root WebApplicationContext: initialization completed in 2514 ms
13:32:44:188  INFO 19232 --- [main] pertySourcedRequestMappingHandlerMapping : Mapped URL path [/v2/api-docs] onto method [springfox.documentation.swagger2.web.Swagger2ControllerWebMvc#getDocumentation(String, HttpServletRequest)]
13:32:44:429  INFO 19232 --- [main] com.alibaba.nacos.common.remote.client   : [RpcClientFactory] create a new rpc client of 9d77d44a-49e6-4f3d-b82b-240ac62302b9
13:32:44:470  INFO 19232 --- [main] org.reflections.Reflections              : Reflections took 23 ms to scan 1 urls, producing 3 keys and 6 values 
13:32:44:489  INFO 19232 --- [main] org.reflections.Reflections              : Reflections took 8 ms to scan 1 urls, producing 4 keys and 9 values 
13:32:44:498  INFO 19232 --- [main] org.reflections.Reflections              : Reflections took 7 ms to scan 1 urls, producing 3 keys and 10 values 
13:32:44:500  WARN 19232 --- [main] org.reflections.Reflections              : given scan urls are empty. set urls in the configuration
13:32:44:505  INFO 19232 --- [main] org.reflections.Reflections              : Reflections took 5 ms to scan 1 urls, producing 1 keys and 5 values 
13:32:44:514  INFO 19232 --- [main] org.reflections.Reflections              : Reflections took 7 ms to scan 1 urls, producing 1 keys and 7 values 
13:32:44:521  INFO 19232 --- [main] org.reflections.Reflections              : Reflections took 5 ms to scan 1 urls, producing 2 keys and 8 values 
13:32:44:522  WARN 19232 --- [main] org.reflections.Reflections              : given scan urls are empty. set urls in the configuration
13:32:44:523  INFO 19232 --- [main] com.alibaba.nacos.common.remote.client   : [9d77d44a-49e6-4f3d-b82b-240ac62302b9] RpcClient init label, labels = {module=naming, source=sdk}
13:32:44:525  INFO 19232 --- [main] com.alibaba.nacos.common.remote.client   : [9d77d44a-49e6-4f3d-b82b-240ac62302b9] RpcClient init, ServerListFactory = com.alibaba.nacos.client.naming.core.ServerListManager
13:32:44:525  INFO 19232 --- [main] com.alibaba.nacos.common.remote.client   : [9d77d44a-49e6-4f3d-b82b-240ac62302b9] Registry connection listener to current client:com.alibaba.nacos.client.naming.remote.gprc.redo.NamingGrpcRedoService
13:32:44:525  INFO 19232 --- [main] com.alibaba.nacos.common.remote.client   : [9d77d44a-49e6-4f3d-b82b-240ac62302b9] Register server push request handler:com.alibaba.nacos.client.naming.remote.gprc.NamingPushRequestHandler
13:32:44:527  INFO 19232 --- [main] com.alibaba.nacos.common.remote.client   : [9d77d44a-49e6-4f3d-b82b-240ac62302b9] Try to connect to server on start up, server: {serverIp = '192.168.227.133', server main port = 8848}
13:32:45:136  INFO 19232 --- [main] com.alibaba.nacos.common.remote.client   : [9d77d44a-49e6-4f3d-b82b-240ac62302b9] Success to connect to server [192.168.227.133:8848] on start up, connectionId = 1747287163950_192.168.227.1_53513
13:32:45:137  INFO 19232 --- [com.alibaba.nacos.client.remote.worker] com.alibaba.nacos.common.remote.client   : [9d77d44a-49e6-4f3d-b82b-240ac62302b9] Notify connected event to listeners.
13:32:45:137  INFO 19232 --- [main] com.alibaba.nacos.common.remote.client   : [9d77d44a-49e6-4f3d-b82b-240ac62302b9] Register server push request handler:com.alibaba.nacos.common.remote.client.RpcClient$ConnectResetRequestHandler
13:32:45:137  INFO 19232 --- [main] com.alibaba.nacos.common.remote.client   : [9d77d44a-49e6-4f3d-b82b-240ac62302b9] Register server push request handler:com.alibaba.nacos.common.remote.client.RpcClient$$Lambda$969/0x00000144ae7cd8e0
13:32:45:194  INFO 19232 --- [main] o.s.b.w.embedded.tomcat.TomcatWebServer  : Tomcat started on port(s): 8084 (http) with context path ''
13:32:45:204  INFO 19232 --- [main] c.a.c.n.registry.NacosServiceRegistry    : nacos registry, DEFAULT_GROUP user-service 192.168.205.1:8084 register finished
13:32:45:271  INFO 19232 --- [main] d.s.w.p.DocumentationPluginsBootstrapper : Documentation plugins bootstrapped
13:32:45:274  INFO 19232 --- [main] d.s.w.p.DocumentationPluginsBootstrapper : Found 1 custom documentation plugin(s)
13:32:45:287  INFO 19232 --- [main] s.d.s.w.s.ApiListingReferenceScanner     : Scanning for api listing references
13:32:45:365  INFO 19232 --- [main] com.hmall.user.UserApplication           : Started UserApplication in 5.959 seconds (JVM running for 6.744)
13:32:45:721  INFO 19232 --- [nacos-grpc-client-executor-9] com.alibaba.nacos.common.remote.client   : [9d77d44a-49e6-4f3d-b82b-240ac62302b9] Receive server push request, request = NotifySubscriberRequest, requestId = 7
13:32:45:732  INFO 19232 --- [nacos-grpc-client-executor-9] com.alibaba.nacos.common.remote.client   : [9d77d44a-49e6-4f3d-b82b-240ac62302b9] Ack server push request, request = NotifySubscriberRequest, requestId = 7
13:36:17:831  INFO 19232 --- [http-nio-8084-exec-1] o.a.c.c.C.[Tomcat].[localhost].[/]       : Initializing Spring DispatcherServlet 'dispatcherServlet'
13:36:17:832  INFO 19232 --- [http-nio-8084-exec-1] o.s.web.servlet.DispatcherServlet        : Initializing Servlet 'dispatcherServlet'
13:36:17:834  INFO 19232 --- [http-nio-8084-exec-1] o.s.web.servlet.DispatcherServlet        : Completed initialization in 1 ms
13:36:17:957  INFO 19232 --- [http-nio-8084-exec-1] com.zaxxer.hikari.HikariDataSource       : HikariPool-1 - Starting...
13:36:18:302  INFO 19232 --- [http-nio-8084-exec-1] com.zaxxer.hikari.HikariDataSource       : HikariPool-1 - Start completed.
13:36:18:308 DEBUG 19232 --- [http-nio-8084-exec-1] c.h.user.mapper.UserMapper.selectOne     : ==>  Preparing: SELECT id,username,password,phone,create_time,update_time,status,balance FROM user WHERE (username = ?)
13:36:18:328 DEBUG 19232 --- [http-nio-8084-exec-1] c.h.user.mapper.UserMapper.selectOne     : ==> Parameters: jack(String)
13:36:18:355 DEBUG 19232 --- [http-nio-8084-exec-1] c.h.user.mapper.UserMapper.selectOne     : <==      Total: 1
13:36:50:582 DEBUG 19232 --- [http-nio-8084-exec-2] c.h.user.mapper.UserMapper.selectOne     : ==>  Preparing: SELECT id,username,password,phone,create_time,update_time,status,balance FROM user WHERE (username = ?)
13:36:50:584 DEBUG 19232 --- [http-nio-8084-exec-2] c.h.user.mapper.UserMapper.selectOne     : ==> Parameters: jack(String)
13:36:50:593 DEBUG 19232 --- [http-nio-8084-exec-2] c.h.user.mapper.UserMapper.selectOne     : <==      Total: 1
14:39:23:912 DEBUG 19232 --- [http-nio-8084-exec-7] c.h.user.mapper.UserMapper.selectOne     : ==>  Preparing: SELECT id,username,password,phone,create_time,update_time,status,balance FROM user WHERE (username = ?)
14:39:23:913 DEBUG 19232 --- [http-nio-8084-exec-7] c.h.user.mapper.UserMapper.selectOne     : ==> Parameters: jack(String)
14:39:23:962 DEBUG 19232 --- [http-nio-8084-exec-7] c.h.user.mapper.UserMapper.selectOne     : <==      Total: 1
15:15:35:907 DEBUG 19232 --- [http-nio-8084-exec-6] c.h.user.mapper.UserMapper.selectOne     : ==>  Preparing: SELECT id,username,password,phone,create_time,update_time,status,balance FROM user WHERE (username = ?)
15:15:35:909 DEBUG 19232 --- [http-nio-8084-exec-6] c.h.user.mapper.UserMapper.selectOne     : ==> Parameters: jack(String)
15:15:36:017 DEBUG 19232 --- [http-nio-8084-exec-6] c.h.user.mapper.UserMapper.selectOne     : <==      Total: 1
15:16:06:730 DEBUG 19232 --- [http-nio-8084-exec-4] c.h.user.mapper.UserMapper.selectOne     : ==>  Preparing: SELECT id,username,password,phone,create_time,update_time,status,balance FROM user WHERE (username = ?)
15:16:06:731 DEBUG 19232 --- [http-nio-8084-exec-4] c.h.user.mapper.UserMapper.selectOne     : ==> Parameters: rose(String)
15:16:06:735 DEBUG 19232 --- [http-nio-8084-exec-4] c.h.user.mapper.UserMapper.selectOne     : <==      Total: 1
15:23:14:889  WARN 19232 --- [Thread-7] c.a.n.common.http.HttpClientBeanHolder   : [HttpClientBeanHolder] Start destroying common HttpClient
15:23:14:890  WARN 19232 --- [Thread-4] c.a.nacos.common.notify.NotifyCenter     : [NotifyCenter] Start destroying Publisher
15:23:14:891  WARN 19232 --- [Thread-4] c.a.nacos.common.notify.NotifyCenter     : [NotifyCenter] Destruction of the end
15:23:14:895  WARN 19232 --- [Thread-7] c.a.n.common.http.HttpClientBeanHolder   : [HttpClientBeanHolder] Destruction of the end
15:23:14:976  INFO 19232 --- [SpringApplicationShutdownHook] c.a.c.n.registry.NacosServiceRegistry    : De-registering from Nacos Server now...
15:23:14:982  INFO 19232 --- [SpringApplicationShutdownHook] c.a.c.n.registry.NacosServiceRegistry    : De-registration finished.
15:23:15:316  INFO 19232 --- [SpringApplicationShutdownHook] com.alibaba.nacos.common.remote.client   : Shutdown rpc client, set status to shutdown
15:23:15:316  INFO 19232 --- [SpringApplicationShutdownHook] com.alibaba.nacos.common.remote.client   : Shutdown client event executor java.util.concurrent.ScheduledThreadPoolExecutor@c57da40[Running, pool size = 2, active threads = 2, queued tasks = 0, completed tasks = 0]
15:23:15:318  INFO 19232 --- [SpringApplicationShutdownHook] com.alibaba.nacos.common.remote.client   : Close current connection 1747287163950_192.168.227.1_53513
15:23:15:320  INFO 19232 --- [nacos-grpc-client-executor-1348] c.a.n.c.remote.client.grpc.GrpcClient    : [1747287163950_192.168.227.1_53513]Ignore complete event,isRunning:false,isAbandon=false
15:23:15:326  INFO 19232 --- [SpringApplicationShutdownHook] c.a.n.c.remote.client.grpc.GrpcClient    : Shutdown grpc executor java.util.concurrent.ThreadPoolExecutor@811203c[Running, pool size = 5, active threads = 0, queued tasks = 0, completed tasks = 1349]
15:23:15:332  INFO 19232 --- [SpringApplicationShutdownHook] com.zaxxer.hikari.HikariDataSource       : HikariPool-1 - Shutdown initiated...
15:23:15:437  INFO 19232 --- [SpringApplicationShutdownHook] com.zaxxer.hikari.HikariDataSource       : HikariPool-1 - Shutdown completed.
15:23:25:260  INFO 3708 --- [main] com.hmall.user.UserApplication           : Starting UserApplication using Java 17.0.14 on Diamond with PID 3708 (D:\WorkSpace\Projects\hmall\user-service\target\classes started by Administrator in D:\WorkSpace\Projects\hmall)
15:23:25:263 DEBUG 3708 --- [main] com.hmall.user.UserApplication           : Running with Spring Boot v2.7.12, Spring v5.3.27
15:23:25:264  INFO 3708 --- [main] com.hmall.user.UserApplication           : The following 1 profile is active: "local"
15:23:26:789  INFO 3708 --- [main] o.s.cloud.context.scope.GenericScope     : BeanFactory id=5f6aa3e1-144a-3ac6-b5e2-cb2c437e03ce
15:23:27:361  INFO 3708 --- [main] o.s.b.w.embedded.tomcat.TomcatWebServer  : Tomcat initialized with port(s): 8084 (http)
15:23:27:362  INFO 3708 --- [main] o.a.catalina.core.AprLifecycleListener   : Loaded Apache Tomcat Native library [2.0.8] using APR version [1.7.4].
15:23:27:363  INFO 3708 --- [main] o.a.catalina.core.AprLifecycleListener   : APR capabilities: IPv6 [true], sendfile [true], accept filters [false], random [true], UDS [true].
15:23:27:363  INFO 3708 --- [main] o.a.catalina.core.AprLifecycleListener   : APR/OpenSSL configuration: useAprConnector [false], useOpenSSL [true]
15:23:27:369  INFO 3708 --- [main] o.a.catalina.core.AprLifecycleListener   : OpenSSL successfully initialized [OpenSSL 3.0.14 4 Jun 2024]
15:23:27:383  INFO 3708 --- [main] o.apache.catalina.core.StandardService   : Starting service [Tomcat]
15:23:27:384  INFO 3708 --- [main] org.apache.catalina.core.StandardEngine  : Starting Servlet engine: [Apache Tomcat/9.0.75]
15:23:27:547  INFO 3708 --- [main] o.a.c.c.C.[Tomcat].[localhost].[/]       : Initializing Spring embedded WebApplicationContext
15:23:27:548  INFO 3708 --- [main] w.s.c.ServletWebServerApplicationContext : Root WebApplicationContext: initialization completed in 2235 ms
15:23:28:972  INFO 3708 --- [main] pertySourcedRequestMappingHandlerMapping : Mapped URL path [/v2/api-docs] onto method [springfox.documentation.swagger2.web.Swagger2ControllerWebMvc#getDocumentation(String, HttpServletRequest)]
15:23:29:243  INFO 3708 --- [main] com.alibaba.nacos.common.remote.client   : [RpcClientFactory] create a new rpc client of 9ec7cf01-f35b-4db5-87d0-439bec78397e
15:23:29:296  INFO 3708 --- [main] org.reflections.Reflections              : Reflections took 25 ms to scan 1 urls, producing 3 keys and 6 values 
15:23:29:314  INFO 3708 --- [main] org.reflections.Reflections              : Reflections took 8 ms to scan 1 urls, producing 4 keys and 9 values 
15:23:29:328  INFO 3708 --- [main] org.reflections.Reflections              : Reflections took 9 ms to scan 1 urls, producing 3 keys and 10 values 
15:23:29:332  WARN 3708 --- [main] org.reflections.Reflections              : given scan urls are empty. set urls in the configuration
15:23:29:339  INFO 3708 --- [main] org.reflections.Reflections              : Reflections took 6 ms to scan 1 urls, producing 1 keys and 5 values 
15:23:29:347  INFO 3708 --- [main] org.reflections.Reflections              : Reflections took 6 ms to scan 1 urls, producing 1 keys and 7 values 
15:23:29:361  INFO 3708 --- [main] org.reflections.Reflections              : Reflections took 11 ms to scan 1 urls, producing 2 keys and 8 values 
15:23:29:363  WARN 3708 --- [main] org.reflections.Reflections              : given scan urls are empty. set urls in the configuration
15:23:29:365  INFO 3708 --- [main] com.alibaba.nacos.common.remote.client   : [9ec7cf01-f35b-4db5-87d0-439bec78397e] RpcClient init label, labels = {module=naming, source=sdk}
15:23:29:367  INFO 3708 --- [main] com.alibaba.nacos.common.remote.client   : [9ec7cf01-f35b-4db5-87d0-439bec78397e] RpcClient init, ServerListFactory = com.alibaba.nacos.client.naming.core.ServerListManager
15:23:29:367  INFO 3708 --- [main] com.alibaba.nacos.common.remote.client   : [9ec7cf01-f35b-4db5-87d0-439bec78397e] Registry connection listener to current client:com.alibaba.nacos.client.naming.remote.gprc.redo.NamingGrpcRedoService
15:23:29:368  INFO 3708 --- [main] com.alibaba.nacos.common.remote.client   : [9ec7cf01-f35b-4db5-87d0-439bec78397e] Register server push request handler:com.alibaba.nacos.client.naming.remote.gprc.NamingPushRequestHandler
15:23:29:369  INFO 3708 --- [main] com.alibaba.nacos.common.remote.client   : [9ec7cf01-f35b-4db5-87d0-439bec78397e] Try to connect to server on start up, server: {serverIp = '192.168.227.133', server main port = 8848}
15:23:30:034  INFO 3708 --- [main] com.alibaba.nacos.common.remote.client   : [9ec7cf01-f35b-4db5-87d0-439bec78397e] Success to connect to server [192.168.227.133:8848] on start up, connectionId = 1747293808787_192.168.227.1_55941
15:23:30:035  INFO 3708 --- [main] com.alibaba.nacos.common.remote.client   : [9ec7cf01-f35b-4db5-87d0-439bec78397e] Register server push request handler:com.alibaba.nacos.common.remote.client.RpcClient$ConnectResetRequestHandler
15:23:30:035  INFO 3708 --- [com.alibaba.nacos.client.remote.worker] com.alibaba.nacos.common.remote.client   : [9ec7cf01-f35b-4db5-87d0-439bec78397e] Notify connected event to listeners.
15:23:30:035  INFO 3708 --- [main] com.alibaba.nacos.common.remote.client   : [9ec7cf01-f35b-4db5-87d0-439bec78397e] Register server push request handler:com.alibaba.nacos.common.remote.client.RpcClient$$Lambda$969/0x00000256037d7b78
15:23:30:081  INFO 3708 --- [main] o.s.b.w.embedded.tomcat.TomcatWebServer  : Tomcat started on port(s): 8084 (http) with context path ''
15:23:30:091  INFO 3708 --- [main] c.a.c.n.registry.NacosServiceRegistry    : nacos registry, DEFAULT_GROUP user-service 192.168.205.1:8084 register finished
15:23:30:164  INFO 3708 --- [main] d.s.w.p.DocumentationPluginsBootstrapper : Documentation plugins bootstrapped
15:23:30:166  INFO 3708 --- [main] d.s.w.p.DocumentationPluginsBootstrapper : Found 1 custom documentation plugin(s)
15:23:30:181  INFO 3708 --- [main] s.d.s.w.s.ApiListingReferenceScanner     : Scanning for api listing references
15:23:30:264  INFO 3708 --- [main] com.hmall.user.UserApplication           : Started UserApplication in 5.749 seconds (JVM running for 6.414)
15:23:30:562  INFO 3708 --- [nacos-grpc-client-executor-9] com.alibaba.nacos.common.remote.client   : [9ec7cf01-f35b-4db5-87d0-439bec78397e] Receive server push request, request = NotifySubscriberRequest, requestId = 35
15:23:30:577  INFO 3708 --- [nacos-grpc-client-executor-9] com.alibaba.nacos.common.remote.client   : [9ec7cf01-f35b-4db5-87d0-439bec78397e] Ack server push request, request = NotifySubscriberRequest, requestId = 35
15:23:43:186  INFO 3708 --- [http-nio-8084-exec-1] o.a.c.c.C.[Tomcat].[localhost].[/]       : Initializing Spring DispatcherServlet 'dispatcherServlet'
15:23:43:186  INFO 3708 --- [http-nio-8084-exec-1] o.s.web.servlet.DispatcherServlet        : Initializing Servlet 'dispatcherServlet'
15:23:43:187  INFO 3708 --- [http-nio-8084-exec-1] o.s.web.servlet.DispatcherServlet        : Completed initialization in 1 ms
15:23:43:303  INFO 3708 --- [http-nio-8084-exec-1] com.zaxxer.hikari.HikariDataSource       : HikariPool-1 - Starting...
15:23:43:534  INFO 3708 --- [http-nio-8084-exec-1] com.zaxxer.hikari.HikariDataSource       : HikariPool-1 - Start completed.
15:23:43:539 DEBUG 3708 --- [http-nio-8084-exec-1] c.h.u.mapper.AddressMapper.selectList    : ==>  Preparing: SELECT id,user_id,province,city,town,mobile,street,contact,is_default,notes FROM address WHERE (user_id = ?)
15:23:43:559 DEBUG 3708 --- [http-nio-8084-exec-1] c.h.u.mapper.AddressMapper.selectList    : ==> Parameters: 2(Long)
15:23:43:651 DEBUG 3708 --- [http-nio-8084-exec-1] c.h.u.mapper.AddressMapper.selectList    : <==      Total: 0
